2025-10-26 16:26:43,988 - utils.vector_db_utils - INFO - 使用SimpleEmbeddings作为嵌入模型，确保离线环境兼容性
2025-10-26 16:26:43,990 - utils.vector_db_utils - INFO - 向量数据库目录不存在：./chroma_db
2025-10-26 16:26:43,991 - api_server - INFO - 向量数据库工具初始化完成
2025-10-26 16:26:43,991 - api_server - INFO - 数据库服务已准备就绪（本地JSON存储模式）
2025-10-26 16:26:43,995 - api_server - INFO - 江西工业智能问答系统启动中...
2025-10-26 16:26:43,996 - api_server - INFO - 江西工业智能问答系统启动完成，优化任务已启动
2025-10-26 16:26:43,996 - api_server - INFO - 开始定期服务优化...
2025-10-26 16:26:43,997 - api_server - INFO - 开始缓存预热...
2025-10-26 16:26:44,003 - api_server - INFO - 清理了 <coroutine object CacheService.cleanup_expired at 0x000001F7AAFDFDC0> 个过期缓存项
2025-10-26 16:26:44,004 - utils.vector_db_utils - WARNING - 向量数据库未初始化，返回空结果
2025-10-26 16:26:44,004 - utils.vector_db_utils - INFO - 已优化向量搜索，清理了 0 个过期缓存项
2025-10-26 16:26:44,004 - api_server - INFO - 预热完成: 学校地址在哪里...
2025-10-26 16:26:44,005 - api_server - INFO - 向量数据库搜索优化完成
2025-10-26 16:26:44,005 - api_server - INFO - 定期服务优化完成
2025-10-26 16:26:44,520 - utils.vector_db_utils - WARNING - 向量数据库未初始化，返回空结果
2025-10-26 16:26:44,521 - api_server - INFO - 预热完成: 图书馆开放时间...
2025-10-26 16:26:45,027 - utils.vector_db_utils - WARNING - 向量数据库未初始化，返回空结果
2025-10-26 16:26:45,028 - api_server - INFO - 预热完成: 奖学金申请条件...
2025-10-26 16:26:45,538 - utils.vector_db_utils - WARNING - 向量数据库未初始化，返回空结果
2025-10-26 16:26:45,538 - api_server - INFO - 预热完成: 如何注册账号...
2025-10-26 16:26:46,049 - utils.vector_db_utils - WARNING - 向量数据库未初始化，返回空结果
2025-10-26 16:26:46,049 - api_server - INFO - 预热完成: 就业指导中心联系方式...
2025-10-26 16:26:46,560 - api_server - INFO - 缓存预热完成
2025-10-26 16:27:00,362 - api_server - INFO - 江西工业智能问答系统正在关闭...
2025-10-26 16:27:00,363 - api_server - INFO - 江西工业智能问答系统已关闭
2025-10-26 16:27:08,766 - utils.vector_db_utils - INFO - 使用SimpleEmbeddings作为嵌入模型，确保离线环境兼容性
2025-10-26 16:27:08,767 - utils.vector_db_utils - INFO - 向量数据库目录不存在：./chroma_db
2025-10-26 16:27:08,769 - api_server - INFO - 向量数据库工具初始化完成
2025-10-26 16:27:08,769 - api_server - INFO - 数据库服务已准备就绪（本地JSON存储模式）
2025-10-26 16:27:08,773 - api_server - INFO - 江西工业智能问答系统启动中...
2025-10-26 16:27:08,774 - api_server - INFO - 江西工业智能问答系统启动完成，优化任务已启动
2025-10-26 16:27:08,774 - api_server - INFO - 开始定期服务优化...
2025-10-26 16:27:08,775 - api_server - INFO - 开始缓存预热...
2025-10-26 16:27:08,780 - api_server - INFO - 清理了 <coroutine object CacheService.cleanup_expired at 0x000002288AC5FDC0> 个过期缓存项
2025-10-26 16:27:08,781 - api_server - INFO - 江西工业智能问答系统正在关闭...
2025-10-26 16:27:08,781 - api_server - INFO - 江西工业智能问答系统已关闭
2025-10-26 16:27:16,048 - utils.vector_db_utils - INFO - 使用SimpleEmbeddings作为嵌入模型，确保离线环境兼容性
2025-10-26 16:27:16,049 - utils.vector_db_utils - INFO - 向量数据库目录不存在：./chroma_db
2025-10-26 16:27:16,049 - api_server - INFO - 向量数据库工具初始化完成
2025-10-26 16:27:16,049 - api_server - INFO - 数据库服务已准备就绪（本地JSON存储模式）
2025-10-26 16:27:16,054 - api_server - INFO - 江西工业智能问答系统启动中...
2025-10-26 16:27:16,054 - api_server - INFO - 江西工业智能问答系统启动完成，优化任务已启动
2025-10-26 16:27:16,054 - api_server - INFO - 开始定期服务优化...
2025-10-26 16:27:16,055 - api_server - INFO - 开始缓存预热...
2025-10-26 16:27:16,059 - api_server - INFO - 清理了 <coroutine object CacheService.cleanup_expired at 0x000001A12906FDC0> 个过期缓存项
2025-10-26 16:27:16,059 - utils.vector_db_utils - WARNING - 向量数据库未初始化，返回空结果
2025-10-26 16:27:16,060 - utils.vector_db_utils - INFO - 已优化向量搜索，清理了 0 个过期缓存项
2025-10-26 16:27:16,060 - api_server - INFO - 预热完成: 学校地址在哪里...
2025-10-26 16:27:16,060 - api_server - INFO - 向量数据库搜索优化完成
2025-10-26 16:27:16,060 - api_server - INFO - 定期服务优化完成
2025-10-26 16:27:16,568 - utils.vector_db_utils - WARNING - 向量数据库未初始化，返回空结果
2025-10-26 16:27:16,569 - api_server - INFO - 预热完成: 图书馆开放时间...
2025-10-26 16:27:17,082 - utils.vector_db_utils - WARNING - 向量数据库未初始化，返回空结果
2025-10-26 16:27:17,082 - api_server - INFO - 预热完成: 奖学金申请条件...
2025-10-26 16:27:17,595 - utils.vector_db_utils - WARNING - 向量数据库未初始化，返回空结果
2025-10-26 16:27:17,595 - api_server - INFO - 预热完成: 如何注册账号...
2025-10-26 16:27:18,107 - utils.vector_db_utils - WARNING - 向量数据库未初始化，返回空结果
2025-10-26 16:27:18,108 - api_server - INFO - 预热完成: 就业指导中心联系方式...
2025-10-26 16:27:18,621 - api_server - INFO - 缓存预热完成
2025-10-26 16:28:28,725 - api_server - INFO - 江西工业智能问答系统正在关闭...
2025-10-26 16:28:28,725 - api_server - INFO - 江西工业智能问答系统已关闭
2025-10-26 16:28:36,366 - utils.vector_db_utils - INFO - 使用SimpleEmbeddings作为嵌入模型，确保离线环境兼容性
2025-10-26 16:28:36,367 - utils.vector_db_utils - INFO - 向量数据库目录不存在：./chroma_db
2025-10-26 16:28:36,367 - api_server - INFO - 向量数据库工具初始化完成
2025-10-26 16:28:36,367 - api_server - INFO - 数据库服务已准备就绪（本地JSON存储模式）
2025-10-26 16:28:36,371 - api_server - INFO - 江西工业智能问答系统启动中...
2025-10-26 16:28:36,371 - api_server - INFO - 江西工业智能问答系统启动完成，优化任务已启动
2025-10-26 16:28:36,371 - api_server - INFO - 开始定期服务优化...
2025-10-26 16:28:36,372 - api_server - INFO - 开始缓存预热...
2025-10-26 16:28:36,375 - api_server - INFO - 清理了 <coroutine object CacheService.cleanup_expired at 0x000001570BE73D00> 个过期缓存项
2025-10-26 16:28:36,376 - api_server - INFO - 江西工业智能问答系统正在关闭...
2025-10-26 16:28:36,376 - api_server - INFO - 江西工业智能问答系统已关闭
2025-10-26 16:28:45,316 - utils.vector_db_utils - INFO - 使用SimpleEmbeddings作为嵌入模型，确保离线环境兼容性
2025-10-26 16:28:45,317 - utils.vector_db_utils - INFO - 向量数据库目录不存在：./chroma_db
2025-10-26 16:28:45,318 - api_server - INFO - 向量数据库工具初始化完成
2025-10-26 16:28:45,318 - api_server - INFO - 数据库服务已准备就绪（本地JSON存储模式）
2025-10-26 16:28:45,322 - api_server - INFO - 江西工业智能问答系统启动中...
2025-10-26 16:28:45,322 - api_server - INFO - 江西工业智能问答系统启动完成，优化任务已启动
2025-10-26 16:28:45,322 - api_server - INFO - 开始定期服务优化...
2025-10-26 16:28:45,323 - api_server - INFO - 开始缓存预热...
2025-10-26 16:28:45,327 - api_server - INFO - 清理了 <coroutine object CacheService.cleanup_expired at 0x000002AE56DFFDC0> 个过期缓存项
2025-10-26 16:28:45,328 - utils.vector_db_utils - WARNING - 向量数据库未初始化，返回空结果
2025-10-26 16:28:45,329 - utils.vector_db_utils - INFO - 已优化向量搜索，清理了 0 个过期缓存项
2025-10-26 16:28:45,329 - api_server - INFO - 预热完成: 学校地址在哪里...
2025-10-26 16:28:45,329 - api_server - INFO - 向量数据库搜索优化完成
2025-10-26 16:28:45,329 - api_server - INFO - 定期服务优化完成
2025-10-26 16:28:45,830 - utils.vector_db_utils - WARNING - 向量数据库未初始化，返回空结果
2025-10-26 16:28:45,831 - api_server - INFO - 预热完成: 图书馆开放时间...
2025-10-26 16:28:46,343 - utils.vector_db_utils - WARNING - 向量数据库未初始化，返回空结果
2025-10-26 16:28:46,343 - api_server - INFO - 预热完成: 奖学金申请条件...
2025-10-26 16:28:46,856 - utils.vector_db_utils - WARNING - 向量数据库未初始化，返回空结果
2025-10-26 16:28:46,856 - api_server - INFO - 预热完成: 如何注册账号...
2025-10-26 16:28:47,366 - utils.vector_db_utils - WARNING - 向量数据库未初始化，返回空结果
2025-10-26 16:28:47,366 - api_server - INFO - 预热完成: 就业指导中心联系方式...
2025-10-26 16:28:47,873 - api_server - INFO - 缓存预热完成
2025-10-26 16:30:51,549 - api_server - INFO - 江西工业智能问答系统正在关闭...
2025-10-26 16:30:51,549 - api_server - INFO - 江西工业智能问答系统已关闭
2025-10-26 16:30:59,189 - utils.vector_db_utils - INFO - 使用SimpleEmbeddings作为嵌入模型，确保离线环境兼容性
2025-10-26 16:30:59,189 - utils.vector_db_utils - INFO - 向量数据库目录不存在：./chroma_db
2025-10-26 16:30:59,190 - api_server - INFO - 向量数据库工具初始化完成
2025-10-26 16:30:59,190 - api_server - INFO - 数据库服务已准备就绪（本地JSON存储模式）
2025-10-26 16:30:59,194 - api_server - INFO - 江西工业智能问答系统启动中...
2025-10-26 16:30:59,194 - api_server - INFO - 江西工业智能问答系统启动完成，优化任务已启动
2025-10-26 16:30:59,194 - api_server - INFO - 开始定期服务优化...
2025-10-26 16:30:59,195 - api_server - INFO - 开始缓存预热...
2025-10-26 16:30:59,198 - api_server - INFO - 清理了 <coroutine object CacheService.cleanup_expired at 0x000001A8D0957DC0> 个过期缓存项
2025-10-26 16:30:59,199 - api_server - INFO - 江西工业智能问答系统正在关闭...
2025-10-26 16:30:59,199 - api_server - INFO - 江西工业智能问答系统已关闭
2025-10-26 16:31:06,476 - utils.vector_db_utils - INFO - 使用SimpleEmbeddings作为嵌入模型，确保离线环境兼容性
2025-10-26 16:31:06,476 - utils.vector_db_utils - INFO - 向量数据库目录不存在：./chroma_db
2025-10-26 16:31:06,477 - api_server - INFO - 向量数据库工具初始化完成
2025-10-26 16:31:06,477 - api_server - INFO - 数据库服务已准备就绪（本地JSON存储模式）
2025-10-26 16:31:06,480 - api_server - INFO - 江西工业智能问答系统启动中...
2025-10-26 16:31:06,480 - api_server - INFO - 江西工业智能问答系统启动完成，优化任务已启动
2025-10-26 16:31:06,480 - api_server - INFO - 开始定期服务优化...
2025-10-26 16:31:06,481 - api_server - INFO - 开始缓存预热...
2025-10-26 16:31:06,484 - api_server - INFO - 清理了 <coroutine object CacheService.cleanup_expired at 0x0000027D54B07DC0> 个过期缓存项
2025-10-26 16:31:06,485 - utils.vector_db_utils - WARNING - 向量数据库未初始化，返回空结果
2025-10-26 16:31:06,486 - utils.vector_db_utils - INFO - 已优化向量搜索，清理了 0 个缓存项（过期: 0, 最少使用: 0）
2025-10-26 16:31:06,486 - api_server - INFO - 预热完成: 学校地址在哪里...
2025-10-26 16:31:06,486 - api_server - INFO - 向量数据库搜索优化完成
2025-10-26 16:31:06,486 - api_server - INFO - 定期服务优化完成
2025-10-26 16:31:06,997 - utils.vector_db_utils - WARNING - 向量数据库未初始化，返回空结果
2025-10-26 16:31:06,998 - api_server - INFO - 预热完成: 图书馆开放时间...
2025-10-26 16:31:07,509 - utils.vector_db_utils - WARNING - 向量数据库未初始化，返回空结果
2025-10-26 16:31:07,509 - api_server - INFO - 预热完成: 奖学金申请条件...
2025-10-26 16:31:08,019 - utils.vector_db_utils - WARNING - 向量数据库未初始化，返回空结果
2025-10-26 16:31:08,020 - api_server - INFO - 预热完成: 如何注册账号...
2025-10-26 16:31:08,528 - utils.vector_db_utils - WARNING - 向量数据库未初始化，返回空结果
2025-10-26 16:31:08,528 - api_server - INFO - 预热完成: 就业指导中心联系方式...
2025-10-26 16:31:09,040 - api_server - INFO - 缓存预热完成
2025-10-26 16:35:45,191 - api_server - INFO - 江西工业智能问答系统正在关闭...
2025-10-26 16:35:45,192 - api_server - INFO - 江西工业智能问答系统已关闭
2025-10-26 16:35:52,443 - utils.vector_db_utils - INFO - 使用SimpleEmbeddings作为嵌入模型，确保离线环境兼容性
2025-10-26 16:35:52,443 - utils.vector_db_utils - INFO - 向量数据库目录不存在：./chroma_db
2025-10-26 16:35:52,444 - api_server - INFO - 向量数据库工具初始化完成
2025-10-26 16:35:52,444 - api_server - INFO - 数据库服务已准备就绪（本地JSON存储模式）
2025-10-26 16:35:52,449 - api_server - INFO - 江西工业智能问答系统启动中...
2025-10-26 16:35:52,449 - api_server - INFO - 江西工业智能问答系统启动完成，优化任务已启动
2025-10-26 16:35:52,449 - api_server - INFO - 开始定期服务优化...
2025-10-26 16:35:52,450 - api_server - INFO - 开始缓存预热...
2025-10-26 16:35:52,454 - api_server - INFO - 清理了 <coroutine object CacheService.cleanup_expired at 0x0000021B9BABC400> 个过期缓存项
2025-10-26 16:35:52,455 - api_server - INFO - 江西工业智能问答系统正在关闭...
2025-10-26 16:35:52,455 - api_server - INFO - 江西工业智能问答系统已关闭
2025-10-26 16:35:59,464 - utils.vector_db_utils - INFO - 使用SimpleEmbeddings作为嵌入模型，确保离线环境兼容性
2025-10-26 16:35:59,464 - utils.vector_db_utils - INFO - 向量数据库目录不存在：./chroma_db
2025-10-26 16:35:59,465 - api_server - INFO - 向量数据库工具初始化完成
2025-10-26 16:35:59,465 - api_server - INFO - 数据库服务已准备就绪（本地JSON存储模式）
2025-10-26 16:35:59,469 - api_server - INFO - 江西工业智能问答系统启动中...
2025-10-26 16:35:59,469 - api_server - INFO - 江西工业智能问答系统启动完成，优化任务已启动
2025-10-26 16:35:59,469 - api_server - INFO - 开始定期服务优化...
2025-10-26 16:35:59,470 - api_server - INFO - 开始缓存预热...
2025-10-26 16:35:59,472 - api_server - INFO - 清理了 <coroutine object CacheService.cleanup_expired at 0x00000217925F8040> 个过期缓存项
2025-10-26 16:35:59,473 - utils.vector_db_utils - WARNING - 向量数据库未初始化，返回空结果
2025-10-26 16:35:59,473 - utils.vector_db_utils - INFO - 已优化向量搜索，清理了 0 个缓存项（过期: 0, 最少使用: 0）
2025-10-26 16:35:59,474 - api_server - INFO - 预热完成: 学校地址在哪里...
2025-10-26 16:35:59,474 - api_server - INFO - 向量数据库搜索优化完成
2025-10-26 16:35:59,474 - api_server - INFO - 定期服务优化完成
2025-10-26 16:35:59,983 - utils.vector_db_utils - WARNING - 向量数据库未初始化，返回空结果
2025-10-26 16:35:59,983 - api_server - INFO - 预热完成: 图书馆开放时间...
2025-10-26 16:36:00,491 - utils.vector_db_utils - WARNING - 向量数据库未初始化，返回空结果
2025-10-26 16:36:00,492 - api_server - INFO - 预热完成: 奖学金申请条件...
2025-10-26 16:36:00,997 - utils.vector_db_utils - WARNING - 向量数据库未初始化，返回空结果
2025-10-26 16:36:00,998 - api_server - INFO - 预热完成: 如何注册账号...
2025-10-26 16:36:01,513 - utils.vector_db_utils - WARNING - 向量数据库未初始化，返回空结果
2025-10-26 16:36:01,513 - api_server - INFO - 预热完成: 就业指导中心联系方式...
2025-10-26 16:36:02,024 - api_server - INFO - 缓存预热完成
2025-10-26 16:39:30,584 - utils.vector_db_utils - INFO - 使用SimpleEmbeddings作为嵌入模型，确保离线环境兼容性
2025-10-26 16:39:30,585 - utils.vector_db_utils - INFO - 向量数据库目录不存在：./chroma_db
2025-10-26 16:39:30,585 - api_server - INFO - 向量数据库工具初始化完成
2025-10-26 16:39:30,585 - api_server - INFO - 数据库服务已准备就绪（本地JSON存储模式）
2025-10-26 16:39:30,589 - api_server - INFO - 江西工业智能问答系统启动中...
2025-10-26 16:39:30,589 - api_server - INFO - 江西工业智能问答系统启动完成，优化任务已启动
2025-10-26 16:39:30,589 - api_server - INFO - 开始定期服务优化...
2025-10-26 16:39:30,591 - api_server - INFO - 开始缓存预热...
2025-10-26 16:39:30,594 - api_server - INFO - 清理了 <coroutine object CacheService.cleanup_expired at 0x000001CAFC268040> 个过期缓存项
2025-10-26 16:39:30,595 - utils.vector_db_utils - WARNING - 向量数据库未初始化，返回空结果
2025-10-26 16:39:30,596 - utils.vector_db_utils - INFO - 已优化向量搜索，清理了 0 个缓存项（过期: 0, 最少使用: 0）
2025-10-26 16:39:30,596 - api_server - INFO - 预热完成: 学校地址在哪里...
2025-10-26 16:39:30,596 - api_server - INFO - 向量数据库搜索优化完成
2025-10-26 16:39:30,596 - api_server - INFO - 定期服务优化完成
2025-10-26 16:39:31,110 - utils.vector_db_utils - WARNING - 向量数据库未初始化，返回空结果
2025-10-26 16:39:31,111 - api_server - INFO - 预热完成: 图书馆开放时间...
2025-10-26 16:39:31,618 - utils.vector_db_utils - WARNING - 向量数据库未初始化，返回空结果
2025-10-26 16:39:31,619 - api_server - INFO - 预热完成: 奖学金申请条件...
2025-10-26 16:39:32,133 - utils.vector_db_utils - WARNING - 向量数据库未初始化，返回空结果
2025-10-26 16:39:32,133 - api_server - INFO - 预热完成: 如何注册账号...
2025-10-26 16:39:32,650 - utils.vector_db_utils - WARNING - 向量数据库未初始化，返回空结果
2025-10-26 16:39:32,650 - api_server - INFO - 预热完成: 就业指导中心联系方式...
2025-10-26 16:39:33,163 - api_server - INFO - 缓存预热完成
2025-10-26 16:40:55,726 - api_server - INFO - 江西工业智能问答系统正在关闭...
2025-10-26 16:40:55,727 - api_server - INFO - 江西工业智能问答系统已关闭
2025-10-26 16:41:05,259 - utils.vector_db_utils - INFO - 使用SimpleEmbeddings作为嵌入模型，确保离线环境兼容性
2025-10-26 16:41:05,260 - utils.vector_db_utils - INFO - 向量数据库目录不存在：./chroma_db
2025-10-26 16:41:05,261 - api_server - INFO - 向量数据库工具初始化完成
2025-10-26 16:41:05,261 - api_server - INFO - 数据库服务已准备就绪（本地JSON存储模式）
2025-10-26 16:41:05,266 - api_server - INFO - 江西工业智能问答系统启动中...
2025-10-26 16:41:05,267 - api_server - INFO - 清理了 <coroutine object CacheService.cleanup_expired at 0x00000223811B01C0> 个过期缓存项
2025-10-26 16:41:05,267 - api_server - INFO - 江西工业智能问答系统启动完成，优化任务已启动
2025-10-26 16:41:05,273 - api_server - INFO - 开始定期服务优化...
2025-10-26 16:41:05,273 - api_server - INFO - 开始缓存预热...
2025-10-26 16:41:05,277 - api_server - INFO - 清理了 <coroutine object CacheService.cleanup_expired at 0x00000223811B0940> 个过期缓存项
2025-10-26 16:41:05,278 - api_server - INFO - 江西工业智能问答系统正在关闭...
2025-10-26 16:41:05,279 - api_server - INFO - 江西工业智能问答系统已关闭
2025-10-26 16:41:13,195 - utils.vector_db_utils - INFO - 使用SimpleEmbeddings作为嵌入模型，确保离线环境兼容性
2025-10-26 16:41:13,196 - utils.vector_db_utils - INFO - 向量数据库目录不存在：./chroma_db
2025-10-26 16:41:13,197 - api_server - INFO - 向量数据库工具初始化完成
2025-10-26 16:41:13,197 - api_server - INFO - 数据库服务已准备就绪（本地JSON存储模式）
2025-10-26 16:41:13,202 - api_server - INFO - 江西工业智能问答系统启动中...
2025-10-26 16:41:13,203 - api_server - INFO - 清理了 <coroutine object CacheService.cleanup_expired at 0x0000026D62EA8040> 个过期缓存项
2025-10-26 16:41:13,203 - api_server - INFO - 江西工业智能问答系统启动完成，优化任务已启动
2025-10-26 16:41:13,208 - api_server - INFO - 开始定期服务优化...
2025-10-26 16:41:13,209 - api_server - INFO - 开始缓存预热...
2025-10-26 16:41:13,214 - api_server - INFO - 清理了 <coroutine object CacheService.cleanup_expired at 0x0000026D62EA87C0> 个过期缓存项
2025-10-26 16:41:13,215 - utils.vector_db_utils - WARNING - 向量数据库未初始化，返回空结果
2025-10-26 16:41:13,216 - utils.vector_db_utils - INFO - 已优化向量搜索，清理了 0 个缓存项（过期: 0, 最少使用: 0）
2025-10-26 16:41:13,216 - api_server - INFO - 预热完成: 学校地址在哪里...
2025-10-26 16:41:13,216 - api_server - INFO - 向量数据库搜索优化完成
2025-10-26 16:41:13,216 - api_server - INFO - 定期服务优化完成
2025-10-26 16:41:13,719 - utils.vector_db_utils - WARNING - 向量数据库未初始化，返回空结果
2025-10-26 16:41:13,720 - api_server - INFO - 预热完成: 图书馆开放时间...
2025-10-26 16:41:14,232 - utils.vector_db_utils - WARNING - 向量数据库未初始化，返回空结果
2025-10-26 16:41:14,233 - api_server - INFO - 预热完成: 奖学金申请条件...
2025-10-26 16:41:14,743 - utils.vector_db_utils - WARNING - 向量数据库未初始化，返回空结果
2025-10-26 16:41:14,743 - api_server - INFO - 预热完成: 如何注册账号...
2025-10-26 16:41:15,250 - utils.vector_db_utils - WARNING - 向量数据库未初始化，返回空结果
2025-10-26 16:41:15,251 - api_server - INFO - 预热完成: 就业指导中心联系方式...
2025-10-26 16:41:15,757 - api_server - INFO - 缓存预热完成
2025-10-26 16:42:15,936 - api_server - INFO - 江西工业智能问答系统正在关闭...
2025-10-26 16:42:15,936 - api_server - INFO - 江西工业智能问答系统已关闭
2025-10-26 16:42:23,359 - utils.vector_db_utils - INFO - 使用SimpleEmbeddings作为嵌入模型，确保离线环境兼容性
2025-10-26 16:42:23,360 - utils.vector_db_utils - INFO - 向量数据库目录不存在：./chroma_db
2025-10-26 16:42:23,361 - api_server - INFO - 向量数据库工具初始化完成
2025-10-26 16:42:23,361 - api_server - INFO - 数据库服务已准备就绪（本地JSON存储模式）
2025-10-26 16:42:23,364 - api_server - INFO - 江西工业智能问答系统启动中...
2025-10-26 16:42:23,365 - api_server - INFO - 清理了 <coroutine object CacheService.cleanup_expired at 0x000001AB6DAD6810> 个过期缓存项
2025-10-26 16:42:23,365 - api_server - INFO - 江西工业智能问答系统启动完成，优化任务已启动
2025-10-26 16:42:23,369 - api_server - INFO - 开始定期服务优化...
2025-10-26 16:42:23,369 - api_server - INFO - 开始缓存预热...
2025-10-26 16:42:23,372 - api_server - INFO - 清理了 <coroutine object CacheService.cleanup_expired at 0x000001AB6DAD6810> 个过期缓存项
2025-10-26 16:42:23,373 - api_server - INFO - 江西工业智能问答系统正在关闭...
2025-10-26 16:42:23,373 - api_server - INFO - 江西工业智能问答系统已关闭
2025-10-26 16:42:30,166 - utils.vector_db_utils - INFO - 使用SimpleEmbeddings作为嵌入模型，确保离线环境兼容性
2025-10-26 16:42:30,167 - utils.vector_db_utils - INFO - 向量数据库目录不存在：./chroma_db
2025-10-26 16:42:30,168 - api_server - INFO - 向量数据库工具初始化完成
2025-10-26 16:42:30,168 - api_server - INFO - 数据库服务已准备就绪（本地JSON存储模式）
2025-10-26 16:42:30,172 - api_server - INFO - 江西工业智能问答系统启动中...
2025-10-26 16:42:30,173 - api_server - INFO - 清理了 <coroutine object CacheService.cleanup_expired at 0x00000234F03F6740> 个过期缓存项
2025-10-26 16:42:30,173 - api_server - INFO - 江西工业智能问答系统启动完成，优化任务已启动
2025-10-26 16:42:30,177 - api_server - INFO - 开始定期服务优化...
2025-10-26 16:42:30,177 - api_server - INFO - 开始缓存预热...
2025-10-26 16:42:30,181 - api_server - INFO - 清理了 <coroutine object CacheService.cleanup_expired at 0x00000234F03F6740> 个过期缓存项
2025-10-26 16:42:30,182 - utils.vector_db_utils - WARNING - 向量数据库未初始化，返回空结果
2025-10-26 16:42:30,182 - utils.vector_db_utils - INFO - 已优化向量搜索，清理了 0 个缓存项（过期: 0, 最少使用: 0）
2025-10-26 16:42:30,183 - api_server - INFO - 预热完成: 学校地址在哪里...
2025-10-26 16:42:30,183 - api_server - INFO - 向量数据库搜索优化完成
2025-10-26 16:42:30,183 - api_server - INFO - 定期服务优化完成
2025-10-26 16:42:30,697 - utils.vector_db_utils - WARNING - 向量数据库未初始化，返回空结果
2025-10-26 16:42:30,698 - api_server - INFO - 预热完成: 图书馆开放时间...
2025-10-26 16:42:31,211 - utils.vector_db_utils - WARNING - 向量数据库未初始化，返回空结果
2025-10-26 16:42:31,212 - api_server - INFO - 预热完成: 奖学金申请条件...
2025-10-26 16:42:31,723 - utils.vector_db_utils - WARNING - 向量数据库未初始化，返回空结果
2025-10-26 16:42:31,723 - api_server - INFO - 预热完成: 如何注册账号...
2025-10-26 16:42:32,234 - utils.vector_db_utils - WARNING - 向量数据库未初始化，返回空结果
2025-10-26 16:42:32,235 - api_server - INFO - 预热完成: 就业指导中心联系方式...
2025-10-26 16:42:32,749 - api_server - INFO - 缓存预热完成
2025-10-26 16:44:27,581 - api_server - INFO - 江西工业智能问答系统正在关闭...
2025-10-26 16:44:27,581 - api_server - INFO - 江西工业智能问答系统已关闭
2025-10-26 16:44:34,426 - utils.vector_db_utils - INFO - 使用SimpleEmbeddings作为嵌入模型，确保离线环境兼容性
2025-10-26 16:44:34,426 - utils.vector_db_utils - INFO - 向量数据库目录不存在：./chroma_db
2025-10-26 16:44:34,427 - api_server - INFO - 向量数据库工具初始化完成
2025-10-26 16:44:34,427 - api_server - INFO - 数据库服务已准备就绪（本地JSON存储模式）
2025-10-26 16:44:34,431 - api_server - INFO - 江西工业智能问答系统启动中...
2025-10-26 16:44:34,433 - api_server - INFO - 清理了 0 个过期缓存项
2025-10-26 16:44:34,433 - api_server - INFO - 江西工业智能问答系统启动完成，优化任务已启动
2025-10-26 16:44:34,433 - api_server - INFO - 开始定期服务优化...
2025-10-26 16:44:34,433 - api_server - INFO - 开始缓存预热...
2025-10-26 16:44:34,437 - api_server - INFO - 清理了 0 个过期缓存项
2025-10-26 16:44:34,437 - api_server - INFO - 江西工业智能问答系统正在关闭...
2025-10-26 16:44:34,438 - api_server - INFO - 江西工业智能问答系统已关闭
2025-10-26 16:44:41,047 - utils.vector_db_utils - INFO - 使用SimpleEmbeddings作为嵌入模型，确保离线环境兼容性
2025-10-26 16:44:41,047 - utils.vector_db_utils - INFO - 向量数据库目录不存在：./chroma_db
2025-10-26 16:44:41,048 - api_server - INFO - 向量数据库工具初始化完成
2025-10-26 16:44:41,048 - api_server - INFO - 数据库服务已准备就绪（本地JSON存储模式）
2025-10-26 16:44:41,051 - api_server - INFO - 江西工业智能问答系统启动中...
2025-10-26 16:44:41,052 - api_server - INFO - 清理了 0 个过期缓存项
2025-10-26 16:44:41,052 - api_server - INFO - 江西工业智能问答系统启动完成，优化任务已启动
2025-10-26 16:44:41,052 - api_server - INFO - 开始定期服务优化...
2025-10-26 16:44:41,052 - api_server - INFO - 开始缓存预热...
2025-10-26 16:44:41,055 - api_server - INFO - 清理了 0 个过期缓存项
2025-10-26 16:44:41,056 - utils.vector_db_utils - WARNING - 向量数据库未初始化，返回空结果
2025-10-26 16:44:41,056 - api_server - INFO - 预热完成: 学校地址在哪里...
2025-10-26 16:44:41,056 - utils.vector_db_utils - INFO - 已优化向量搜索，清理了 0 个缓存项（过期: 0, 最少使用: 0）
2025-10-26 16:44:41,057 - api_server - INFO - 向量数据库搜索优化完成
2025-10-26 16:44:41,057 - api_server - INFO - 定期服务优化完成
2025-10-26 16:44:41,570 - utils.vector_db_utils - WARNING - 向量数据库未初始化，返回空结果
2025-10-26 16:44:41,570 - api_server - INFO - 预热完成: 图书馆开放时间...
2025-10-26 16:44:42,084 - utils.vector_db_utils - WARNING - 向量数据库未初始化，返回空结果
2025-10-26 16:44:42,084 - api_server - INFO - 预热完成: 奖学金申请条件...
2025-10-26 16:44:42,598 - utils.vector_db_utils - WARNING - 向量数据库未初始化，返回空结果
2025-10-26 16:44:42,599 - api_server - INFO - 预热完成: 如何注册账号...
2025-10-26 16:44:43,111 - utils.vector_db_utils - WARNING - 向量数据库未初始化，返回空结果
2025-10-26 16:44:43,112 - api_server - INFO - 预热完成: 就业指导中心联系方式...
2025-10-26 16:44:43,625 - api_server - INFO - 缓存预热完成
2025-10-26 16:59:38,944 - api_server - INFO - 开始定期服务优化...
2025-10-26 16:59:38,948 - api_server - INFO - 清理了 0 个过期缓存项
2025-10-26 16:59:38,951 - utils.vector_db_utils - INFO - 已优化向量搜索，清理了 0 个缓存项（过期: 0, 最少使用: 0）
2025-10-26 16:59:38,951 - api_server - INFO - 向量数据库搜索优化完成
2025-10-26 16:59:38,952 - api_server - INFO - 定期服务优化完成
